<?xml version="1.0" encoding="utf-8" ?>
<!DOCTYPE html PUBLIC "-//W3C//DTD XHTML 1.0 Strict//EN"
        "http://www.w3.org/TR/xhtml1/DTD/xhtml1-strict.dtd">
<html xmlns="http://www.w3.org/1999/xhtml" xml:lang="" lang="">
<head>
  <title>Test Results Report - Zuora API Test</title>
  <meta http-equiv="Content-Type" content="text/html;charset=utf-8" />
  <meta name="description" content="TestNG unit test results." />
  <link href="reportng.css" rel="stylesheet" type="text/css" />
    <script type="text/javascript" src="reportng.js"></script>
</head>
<body>
<h1>Zuora API Test</h1>
<p>
  Test duration: 2.125s
</p>



  <table class="resultsTable">
    <tr><th colspan="3" class="header failed">Failed Tests</th></tr>
          <tr>
        <td colspan="3" class="group">com.zuora.api.testsuites.ApiTest</td>
      </tr>
            
<tr>
  <td class="method">
                  getAccount_invalid
      </td>
  <td class="duration">
    0.189s
  </td>
  <td class="result">
        
          <i>Method arguments: </i><span class="arguments">DataProviderBean [method=GET, param=A00000087, status=OK, statusCode=204, desc=non alpha beta string]</span><br />
    
            <div class="testOutput">
                        [INFO ] 17:06:59 - ==<br />
                                [INFO ] 17:06:59 -&nbsp;&nbsp;&nbsp;&nbsp;&nbsp;&nbsp;&nbsp;&nbsp;&nbsp;&nbsp; ==============&lt;TEST CASE START&gt;:getAccount_invalid==================&nbsp;&nbsp;&nbsp;&nbsp;&nbsp;&nbsp;&nbsp;&nbsp;&nbsp; <br />
                                [INFO ] 17:06:59 - ==<br />
                                [INFO ] 17:06:59 ResponseUtil - <br/>
***************************Print Response Start**********************************<br/>
Status:<br/>
Unauthorized<br/>
401<br/>
<br/>
Header:<br/>
Date: Tue, 07 Nov 2017 09:06:58 GMT<br/>
Content-Type: application/json;charset=utf-8<br/>
Transfer-Encoding: chunked<br/>
Connection: keep-alive<br/>
Content-Security-Policy-Report-Only: media-src &apos;none&apos;; img-src &apos;self&apos; data: http://* https://*; object-src &apos;none&apos;; worker-src blob:; script-src &apos;unsafe-inline&apos; &apos;unsafe-eval&apos; &apos;self&apos; *.zuora.com *.walkme.com *.zuora.eu https://api.tcell.io/ https://www.googletagmanager.com https://ssl.google-analytics.com https://www.google-analytics.com; manifest-src &apos;none&apos;; style-src &apos;unsafe-inline&apos; &apos;self&apos; *.zuora.eu *.zuora.com; font-src &apos;self&apos; data: https://* http://*; child-src &apos;self&apos;; frame-src &apos;self&apos;; connect-src &apos;self&apos; https://api.tcell.io/ https://input.tcell.io/; report-uri https://input.tcell.io/csp/226790f8812d239247e409374993f5fa44fbc9f6810db152bd1eeb15262a0728?tid=c1fd9fc6-67c1-4962-8735-db33012c58fe<br/>
Server: Skipper<br/>
X-Powered-By: Skipper<br/>
<br/>
Body:<br/>
{<br/>
&nbsp; &quot;success&quot; : false,<br/>
&nbsp; &quot;reasons&quot; : [ {<br/>
&nbsp;&nbsp;&nbsp; &quot;code&quot; : 90000011,<br/>
&nbsp;&nbsp;&nbsp; &quot;message&quot; : &quot;this resource is protected, please sign in first&quot;<br/>
&nbsp; } ]<br/>
}<br/>
<br/>
***************************Print Response End**********************************<br />
                                [INFO ] 17:06:59 -&nbsp;&nbsp;&nbsp;&nbsp;&nbsp;&nbsp;&nbsp;&nbsp;&nbsp;&nbsp; ==============&lt;TEST CASE FAILED&gt;: getAccount_invalid==================&nbsp;&nbsp;&nbsp;&nbsp;&nbsp;&nbsp;&nbsp;&nbsp;&nbsp; <br />
                  </div>
    

        <a href="javascript:toggleElement('exception-0', 'block')" title="Click to expand/collapse"><b>java.lang.AssertionError: expected [Unauthorized] but found [OK]</b></a><br />
    <div class="stackTrace" id="exception-0">
              org.testng.Assert.fail(Assert.java:93)<br />
              org.testng.Assert.failNotEquals(Assert.java:512)<br />
              org.testng.Assert.assertEqualsImpl(Assert.java:134)<br />
              org.testng.Assert.assertEquals(Assert.java:115)<br />
              org.testng.Assert.assertEquals(Assert.java:189)<br />
              org.testng.Assert.assertEquals(Assert.java:199)<br />
              com.zuora.api.testsuites.ApiTest.getAccount_invalid(ApiTest.java:47)<br />
              sun.reflect.NativeMethodAccessorImpl.invoke0(Native Method)<br />
              sun.reflect.NativeMethodAccessorImpl.invoke(NativeMethodAccessorImpl.java:62)<br />
              sun.reflect.DelegatingMethodAccessorImpl.invoke(DelegatingMethodAccessorImpl.java:43)<br />
              java.lang.reflect.Method.invoke(Method.java:498)<br />
              org.testng.internal.MethodInvocationHelper.invokeMethod(MethodInvocationHelper.java:108)<br />
              org.testng.internal.Invoker.invokeMethod(Invoker.java:661)<br />
              org.testng.internal.Invoker.invokeTestMethod(Invoker.java:869)<br />
              org.testng.internal.Invoker.invokeTestMethods(Invoker.java:1193)<br />
              org.testng.internal.TestMethodWorker.invokeTestMethods(TestMethodWorker.java:126)<br />
              org.testng.internal.TestMethodWorker.run(TestMethodWorker.java:109)<br />
              org.testng.TestRunner.privateRun(TestRunner.java:744)<br />
              org.testng.TestRunner.run(TestRunner.java:602)<br />
              org.testng.SuiteRunner.runTest(SuiteRunner.java:380)<br />
              org.testng.SuiteRunner.runSequentially(SuiteRunner.java:375)<br />
              org.testng.SuiteRunner.privateRun(SuiteRunner.java:340)<br />
              org.testng.SuiteRunner.run(SuiteRunner.java:289)<br />
              org.testng.SuiteRunnerWorker.runSuite(SuiteRunnerWorker.java:52)<br />
              org.testng.SuiteRunnerWorker.run(SuiteRunnerWorker.java:86)<br />
              org.testng.TestNG.runSuitesSequentially(TestNG.java:1301)<br />
              org.testng.TestNG.runSuitesLocally(TestNG.java:1226)<br />
              org.testng.TestNG.runSuites(TestNG.java:1144)<br />
              org.testng.TestNG.run(TestNG.java:1115)<br />
              org.testng.remote.AbstractRemoteTestNG.run(AbstractRemoteTestNG.java:132)<br />
              org.testng.remote.RemoteTestNG.initAndRun(RemoteTestNG.java:236)<br />
              org.testng.remote.RemoteTestNG.main(RemoteTestNG.java:81)<br />
                </div>
      </td>
</tr>
<tr>
  <td class="method">
                  getAccount_invalid
      </td>
  <td class="duration">
    0.203s
  </td>
  <td class="result">
        
          <i>Method arguments: </i><span class="arguments">DataProviderBean [method=GET, param=A00000087, status=OK, statusCode=203, desc=long]</span><br />
    
            <div class="testOutput">
                        [INFO ] 17:06:59 - ==<br />
                                [INFO ] 17:06:59 -&nbsp;&nbsp;&nbsp;&nbsp;&nbsp;&nbsp;&nbsp;&nbsp;&nbsp;&nbsp; ==============&lt;TEST CASE START&gt;:getAccount_invalid==================&nbsp;&nbsp;&nbsp;&nbsp;&nbsp;&nbsp;&nbsp;&nbsp;&nbsp; <br />
                                [INFO ] 17:06:59 - ==<br />
                                [INFO ] 17:06:59 ResponseUtil - <br/>
***************************Print Response Start**********************************<br/>
Status:<br/>
Unauthorized<br/>
401<br/>
<br/>
Header:<br/>
Date: Tue, 07 Nov 2017 09:06:58 GMT<br/>
Content-Type: application/json;charset=utf-8<br/>
Transfer-Encoding: chunked<br/>
Connection: keep-alive<br/>
Content-Security-Policy-Report-Only: media-src &apos;none&apos;; img-src &apos;self&apos; data: http://* https://*; object-src &apos;none&apos;; worker-src blob:; script-src &apos;unsafe-inline&apos; &apos;unsafe-eval&apos; &apos;self&apos; *.zuora.com *.walkme.com *.zuora.eu https://api.tcell.io/ https://www.googletagmanager.com https://ssl.google-analytics.com https://www.google-analytics.com; manifest-src &apos;none&apos;; style-src &apos;unsafe-inline&apos; &apos;self&apos; *.zuora.eu *.zuora.com; font-src &apos;self&apos; data: https://* http://*; child-src &apos;self&apos;; frame-src &apos;self&apos;; connect-src &apos;self&apos; https://api.tcell.io/ https://input.tcell.io/; report-uri https://input.tcell.io/csp/226790f8812d239247e409374993f5fa44fbc9f6810db152bd1eeb15262a0728?tid=ce922182-2445-435a-9fb7-af0f38a1064a<br/>
Server: Skipper<br/>
X-Powered-By: Skipper<br/>
<br/>
Body:<br/>
{<br/>
&nbsp; &quot;success&quot; : false,<br/>
&nbsp; &quot;reasons&quot; : [ {<br/>
&nbsp;&nbsp;&nbsp; &quot;code&quot; : 90000011,<br/>
&nbsp;&nbsp;&nbsp; &quot;message&quot; : &quot;this resource is protected, please sign in first&quot;<br/>
&nbsp; } ]<br/>
}<br/>
<br/>
***************************Print Response End**********************************<br />
                                [INFO ] 17:06:59 -&nbsp;&nbsp;&nbsp;&nbsp;&nbsp;&nbsp;&nbsp;&nbsp;&nbsp;&nbsp; ==============&lt;TEST CASE FAILED&gt;: getAccount_invalid==================&nbsp;&nbsp;&nbsp;&nbsp;&nbsp;&nbsp;&nbsp;&nbsp;&nbsp; <br />
                  </div>
    

        <a href="javascript:toggleElement('exception-1', 'block')" title="Click to expand/collapse"><b>java.lang.AssertionError: expected [Unauthorized] but found [OK]</b></a><br />
    <div class="stackTrace" id="exception-1">
              org.testng.Assert.fail(Assert.java:93)<br />
              org.testng.Assert.failNotEquals(Assert.java:512)<br />
              org.testng.Assert.assertEqualsImpl(Assert.java:134)<br />
              org.testng.Assert.assertEquals(Assert.java:115)<br />
              org.testng.Assert.assertEquals(Assert.java:189)<br />
              org.testng.Assert.assertEquals(Assert.java:199)<br />
              com.zuora.api.testsuites.ApiTest.getAccount_invalid(ApiTest.java:47)<br />
              sun.reflect.NativeMethodAccessorImpl.invoke0(Native Method)<br />
              sun.reflect.NativeMethodAccessorImpl.invoke(NativeMethodAccessorImpl.java:62)<br />
              sun.reflect.DelegatingMethodAccessorImpl.invoke(DelegatingMethodAccessorImpl.java:43)<br />
              java.lang.reflect.Method.invoke(Method.java:498)<br />
              org.testng.internal.MethodInvocationHelper.invokeMethod(MethodInvocationHelper.java:108)<br />
              org.testng.internal.Invoker.invokeMethod(Invoker.java:661)<br />
              org.testng.internal.Invoker.invokeTestMethod(Invoker.java:869)<br />
              org.testng.internal.Invoker.invokeTestMethods(Invoker.java:1193)<br />
              org.testng.internal.TestMethodWorker.invokeTestMethods(TestMethodWorker.java:126)<br />
              org.testng.internal.TestMethodWorker.run(TestMethodWorker.java:109)<br />
              org.testng.TestRunner.privateRun(TestRunner.java:744)<br />
              org.testng.TestRunner.run(TestRunner.java:602)<br />
              org.testng.SuiteRunner.runTest(SuiteRunner.java:380)<br />
              org.testng.SuiteRunner.runSequentially(SuiteRunner.java:375)<br />
              org.testng.SuiteRunner.privateRun(SuiteRunner.java:340)<br />
              org.testng.SuiteRunner.run(SuiteRunner.java:289)<br />
              org.testng.SuiteRunnerWorker.runSuite(SuiteRunnerWorker.java:52)<br />
              org.testng.SuiteRunnerWorker.run(SuiteRunnerWorker.java:86)<br />
              org.testng.TestNG.runSuitesSequentially(TestNG.java:1301)<br />
              org.testng.TestNG.runSuitesLocally(TestNG.java:1226)<br />
              org.testng.TestNG.runSuites(TestNG.java:1144)<br />
              org.testng.TestNG.run(TestNG.java:1115)<br />
              org.testng.remote.AbstractRemoteTestNG.run(AbstractRemoteTestNG.java:132)<br />
              org.testng.remote.RemoteTestNG.initAndRun(RemoteTestNG.java:236)<br />
              org.testng.remote.RemoteTestNG.main(RemoteTestNG.java:81)<br />
                </div>
      </td>
</tr>
<tr>
  <td class="method">
                  getAccount_invalid
      </td>
  <td class="duration">
    0.978s
  </td>
  <td class="result">
        
          <i>Method arguments: </i><span class="arguments">DataProviderBean [method=GET, param=A00000087, status=OK, statusCode=202, desc=null]</span><br />
    
            <div class="testOutput">
                        [INFO ] 17:06:58 - ==<br />
                                [INFO ] 17:06:58 -&nbsp;&nbsp;&nbsp;&nbsp;&nbsp;&nbsp;&nbsp;&nbsp;&nbsp;&nbsp; ==============&lt;TEST CASE START&gt;:getAccount_invalid==================&nbsp;&nbsp;&nbsp;&nbsp;&nbsp;&nbsp;&nbsp;&nbsp;&nbsp; <br />
                                [INFO ] 17:06:58 - ==<br />
                                [INFO ] 17:06:59 ResponseUtil - <br/>
***************************Print Response Start**********************************<br/>
Status:<br/>
Unauthorized<br/>
401<br/>
<br/>
Header:<br/>
Date: Tue, 07 Nov 2017 09:06:58 GMT<br/>
Content-Type: application/json;charset=utf-8<br/>
Transfer-Encoding: chunked<br/>
Connection: keep-alive<br/>
Content-Security-Policy-Report-Only: media-src &apos;none&apos;; img-src &apos;self&apos; data: http://* https://*; object-src &apos;none&apos;; worker-src blob:; script-src &apos;unsafe-inline&apos; &apos;unsafe-eval&apos; &apos;self&apos; *.zuora.com *.walkme.com *.zuora.eu https://api.tcell.io/ https://www.googletagmanager.com https://ssl.google-analytics.com https://www.google-analytics.com; manifest-src &apos;none&apos;; style-src &apos;unsafe-inline&apos; &apos;self&apos; *.zuora.eu *.zuora.com; font-src &apos;self&apos; data: https://* http://*; child-src &apos;self&apos;; frame-src &apos;self&apos;; connect-src &apos;self&apos; https://api.tcell.io/ https://input.tcell.io/; report-uri https://input.tcell.io/csp/226790f8812d239247e409374993f5fa44fbc9f6810db152bd1eeb15262a0728?tid=55bb8194-04da-4d7d-b713-db759a6fc8ba<br/>
Server: Skipper<br/>
X-Powered-By: Skipper<br/>
<br/>
Body:<br/>
{<br/>
&nbsp; &quot;success&quot; : false,<br/>
&nbsp; &quot;reasons&quot; : [ {<br/>
&nbsp;&nbsp;&nbsp; &quot;code&quot; : 90000011,<br/>
&nbsp;&nbsp;&nbsp; &quot;message&quot; : &quot;this resource is protected, please sign in first&quot;<br/>
&nbsp; } ]<br/>
}<br/>
<br/>
***************************Print Response End**********************************<br />
                                [INFO ] 17:06:59 -&nbsp;&nbsp;&nbsp;&nbsp;&nbsp;&nbsp;&nbsp;&nbsp;&nbsp;&nbsp; ==============&lt;TEST CASE FAILED&gt;: getAccount_invalid==================&nbsp;&nbsp;&nbsp;&nbsp;&nbsp;&nbsp;&nbsp;&nbsp;&nbsp; <br />
                  </div>
    

        <a href="javascript:toggleElement('exception-2', 'block')" title="Click to expand/collapse"><b>java.lang.AssertionError: expected [Unauthorized] but found [OK]</b></a><br />
    <div class="stackTrace" id="exception-2">
              org.testng.Assert.fail(Assert.java:93)<br />
              org.testng.Assert.failNotEquals(Assert.java:512)<br />
              org.testng.Assert.assertEqualsImpl(Assert.java:134)<br />
              org.testng.Assert.assertEquals(Assert.java:115)<br />
              org.testng.Assert.assertEquals(Assert.java:189)<br />
              org.testng.Assert.assertEquals(Assert.java:199)<br />
              com.zuora.api.testsuites.ApiTest.getAccount_invalid(ApiTest.java:47)<br />
              sun.reflect.NativeMethodAccessorImpl.invoke0(Native Method)<br />
              sun.reflect.NativeMethodAccessorImpl.invoke(NativeMethodAccessorImpl.java:62)<br />
              sun.reflect.DelegatingMethodAccessorImpl.invoke(DelegatingMethodAccessorImpl.java:43)<br />
              java.lang.reflect.Method.invoke(Method.java:498)<br />
              org.testng.internal.MethodInvocationHelper.invokeMethod(MethodInvocationHelper.java:108)<br />
              org.testng.internal.Invoker.invokeMethod(Invoker.java:661)<br />
              org.testng.internal.Invoker.invokeTestMethod(Invoker.java:869)<br />
              org.testng.internal.Invoker.invokeTestMethods(Invoker.java:1193)<br />
              org.testng.internal.TestMethodWorker.invokeTestMethods(TestMethodWorker.java:126)<br />
              org.testng.internal.TestMethodWorker.run(TestMethodWorker.java:109)<br />
              org.testng.TestRunner.privateRun(TestRunner.java:744)<br />
              org.testng.TestRunner.run(TestRunner.java:602)<br />
              org.testng.SuiteRunner.runTest(SuiteRunner.java:380)<br />
              org.testng.SuiteRunner.runSequentially(SuiteRunner.java:375)<br />
              org.testng.SuiteRunner.privateRun(SuiteRunner.java:340)<br />
              org.testng.SuiteRunner.run(SuiteRunner.java:289)<br />
              org.testng.SuiteRunnerWorker.runSuite(SuiteRunnerWorker.java:52)<br />
              org.testng.SuiteRunnerWorker.run(SuiteRunnerWorker.java:86)<br />
              org.testng.TestNG.runSuitesSequentially(TestNG.java:1301)<br />
              org.testng.TestNG.runSuitesLocally(TestNG.java:1226)<br />
              org.testng.TestNG.runSuites(TestNG.java:1144)<br />
              org.testng.TestNG.run(TestNG.java:1115)<br />
              org.testng.remote.AbstractRemoteTestNG.run(AbstractRemoteTestNG.java:132)<br />
              org.testng.remote.RemoteTestNG.initAndRun(RemoteTestNG.java:236)<br />
              org.testng.remote.RemoteTestNG.main(RemoteTestNG.java:81)<br />
                </div>
      </td>
</tr>
<tr>
  <td class="method">
                  getAccount_valid
      </td>
  <td class="duration">
    0.190s
  </td>
  <td class="result">
        
          <i>Method arguments: </i><span class="arguments">DataProviderBean [method=GET, param=A00000045, status=OK, statusCode=200, desc=valid]</span><br />
    
            <div class="testOutput">
                        [INFO ] 17:06:59 - ==<br />
                                [INFO ] 17:06:59 -&nbsp;&nbsp;&nbsp;&nbsp;&nbsp;&nbsp;&nbsp;&nbsp;&nbsp;&nbsp; ==============&lt;TEST CASE START&gt;:getAccount_valid==================&nbsp;&nbsp;&nbsp;&nbsp;&nbsp;&nbsp;&nbsp;&nbsp;&nbsp; <br />
                                [INFO ] 17:06:59 - ==<br />
                                [INFO ] 17:06:59 ResponseUtil - <br/>
***************************Print Response Start**********************************<br/>
Status:<br/>
Unauthorized<br/>
401<br/>
<br/>
Header:<br/>
Date: Tue, 07 Nov 2017 09:06:59 GMT<br/>
Content-Type: application/json;charset=utf-8<br/>
Transfer-Encoding: chunked<br/>
Connection: keep-alive<br/>
Content-Security-Policy-Report-Only: media-src &apos;none&apos;; img-src &apos;self&apos; data: http://* https://*; object-src &apos;none&apos;; worker-src blob:; script-src &apos;unsafe-inline&apos; &apos;unsafe-eval&apos; &apos;self&apos; *.zuora.com *.walkme.com *.zuora.eu https://api.tcell.io/ https://www.googletagmanager.com https://ssl.google-analytics.com https://www.google-analytics.com; manifest-src &apos;none&apos;; style-src &apos;unsafe-inline&apos; &apos;self&apos; *.zuora.eu *.zuora.com; font-src &apos;self&apos; data: https://* http://*; child-src &apos;self&apos;; frame-src &apos;self&apos;; connect-src &apos;self&apos; https://api.tcell.io/ https://input.tcell.io/; report-uri https://input.tcell.io/csp/226790f8812d239247e409374993f5fa44fbc9f6810db152bd1eeb15262a0728?tid=7ed7fc50-7237-48a4-a6b3-b0a1e7805072<br/>
Server: Skipper<br/>
X-Powered-By: Skipper<br/>
<br/>
Body:<br/>
{<br/>
&nbsp; &quot;success&quot; : false,<br/>
&nbsp; &quot;reasons&quot; : [ {<br/>
&nbsp;&nbsp;&nbsp; &quot;code&quot; : 90000011,<br/>
&nbsp;&nbsp;&nbsp; &quot;message&quot; : &quot;this resource is protected, please sign in first&quot;<br/>
&nbsp; } ]<br/>
}<br/>
<br/>
***************************Print Response End**********************************<br />
                                [INFO ] 17:06:59 -&nbsp;&nbsp;&nbsp;&nbsp;&nbsp;&nbsp;&nbsp;&nbsp;&nbsp;&nbsp; ==============&lt;TEST CASE FAILED&gt;: getAccount_valid==================&nbsp;&nbsp;&nbsp;&nbsp;&nbsp;&nbsp;&nbsp;&nbsp;&nbsp; <br />
                  </div>
    

        <a href="javascript:toggleElement('exception-3', 'block')" title="Click to expand/collapse"><b>java.lang.AssertionError: expected [Unauthorized] but found [OK]</b></a><br />
    <div class="stackTrace" id="exception-3">
              org.testng.Assert.fail(Assert.java:93)<br />
              org.testng.Assert.failNotEquals(Assert.java:512)<br />
              org.testng.Assert.assertEqualsImpl(Assert.java:134)<br />
              org.testng.Assert.assertEquals(Assert.java:115)<br />
              org.testng.Assert.assertEquals(Assert.java:189)<br />
              org.testng.Assert.assertEquals(Assert.java:199)<br />
              com.zuora.api.testsuites.ApiTest.getAccount_valid(ApiTest.java:36)<br />
              sun.reflect.NativeMethodAccessorImpl.invoke0(Native Method)<br />
              sun.reflect.NativeMethodAccessorImpl.invoke(NativeMethodAccessorImpl.java:62)<br />
              sun.reflect.DelegatingMethodAccessorImpl.invoke(DelegatingMethodAccessorImpl.java:43)<br />
              java.lang.reflect.Method.invoke(Method.java:498)<br />
              org.testng.internal.MethodInvocationHelper.invokeMethod(MethodInvocationHelper.java:108)<br />
              org.testng.internal.Invoker.invokeMethod(Invoker.java:661)<br />
              org.testng.internal.Invoker.invokeTestMethod(Invoker.java:869)<br />
              org.testng.internal.Invoker.invokeTestMethods(Invoker.java:1193)<br />
              org.testng.internal.TestMethodWorker.invokeTestMethods(TestMethodWorker.java:126)<br />
              org.testng.internal.TestMethodWorker.run(TestMethodWorker.java:109)<br />
              org.testng.TestRunner.privateRun(TestRunner.java:744)<br />
              org.testng.TestRunner.run(TestRunner.java:602)<br />
              org.testng.SuiteRunner.runTest(SuiteRunner.java:380)<br />
              org.testng.SuiteRunner.runSequentially(SuiteRunner.java:375)<br />
              org.testng.SuiteRunner.privateRun(SuiteRunner.java:340)<br />
              org.testng.SuiteRunner.run(SuiteRunner.java:289)<br />
              org.testng.SuiteRunnerWorker.runSuite(SuiteRunnerWorker.java:52)<br />
              org.testng.SuiteRunnerWorker.run(SuiteRunnerWorker.java:86)<br />
              org.testng.TestNG.runSuitesSequentially(TestNG.java:1301)<br />
              org.testng.TestNG.runSuitesLocally(TestNG.java:1226)<br />
              org.testng.TestNG.runSuites(TestNG.java:1144)<br />
              org.testng.TestNG.run(TestNG.java:1115)<br />
              org.testng.remote.AbstractRemoteTestNG.run(AbstractRemoteTestNG.java:132)<br />
              org.testng.remote.RemoteTestNG.initAndRun(RemoteTestNG.java:236)<br />
              org.testng.remote.RemoteTestNG.main(RemoteTestNG.java:81)<br />
                </div>
      </td>
</tr>
<tr>
  <td class="method">
                  getAccount_valid
      </td>
  <td class="duration">
    0.212s
  </td>
  <td class="result">
        
          <i>Method arguments: </i><span class="arguments">DataProviderBean [method=GET, param=A00000087, status=OK, statusCode=201, desc=valid]</span><br />
    
            <div class="testOutput">
                        [INFO ] 17:06:59 - ==<br />
                                [INFO ] 17:06:59 -&nbsp;&nbsp;&nbsp;&nbsp;&nbsp;&nbsp;&nbsp;&nbsp;&nbsp;&nbsp; ==============&lt;TEST CASE START&gt;:getAccount_valid==================&nbsp;&nbsp;&nbsp;&nbsp;&nbsp;&nbsp;&nbsp;&nbsp;&nbsp; <br />
                                [INFO ] 17:06:59 - ==<br />
                                [INFO ] 17:06:59 ResponseUtil - <br/>
***************************Print Response Start**********************************<br/>
Status:<br/>
Unauthorized<br/>
401<br/>
<br/>
Header:<br/>
Date: Tue, 07 Nov 2017 09:06:59 GMT<br/>
Content-Type: application/json;charset=utf-8<br/>
Transfer-Encoding: chunked<br/>
Connection: keep-alive<br/>
Content-Security-Policy-Report-Only: media-src &apos;none&apos;; img-src &apos;self&apos; data: http://* https://*; object-src &apos;none&apos;; worker-src blob:; script-src &apos;unsafe-inline&apos; &apos;unsafe-eval&apos; &apos;self&apos; *.zuora.com *.walkme.com *.zuora.eu https://api.tcell.io/ https://www.googletagmanager.com https://ssl.google-analytics.com https://www.google-analytics.com; manifest-src &apos;none&apos;; style-src &apos;unsafe-inline&apos; &apos;self&apos; *.zuora.eu *.zuora.com; font-src &apos;self&apos; data: https://* http://*; child-src &apos;self&apos;; frame-src &apos;self&apos;; connect-src &apos;self&apos; https://api.tcell.io/ https://input.tcell.io/; report-uri https://input.tcell.io/csp/226790f8812d239247e409374993f5fa44fbc9f6810db152bd1eeb15262a0728?tid=493cba44-6e90-4009-8728-2a6e4d395329<br/>
Server: Skipper<br/>
X-Powered-By: Skipper<br/>
<br/>
Body:<br/>
{<br/>
&nbsp; &quot;success&quot; : false,<br/>
&nbsp; &quot;reasons&quot; : [ {<br/>
&nbsp;&nbsp;&nbsp; &quot;code&quot; : 90000011,<br/>
&nbsp;&nbsp;&nbsp; &quot;message&quot; : &quot;this resource is protected, please sign in first&quot;<br/>
&nbsp; } ]<br/>
}<br/>
<br/>
***************************Print Response End**********************************<br />
                                [INFO ] 17:06:59 -&nbsp;&nbsp;&nbsp;&nbsp;&nbsp;&nbsp;&nbsp;&nbsp;&nbsp;&nbsp; ==============&lt;TEST CASE FAILED&gt;: getAccount_valid==================&nbsp;&nbsp;&nbsp;&nbsp;&nbsp;&nbsp;&nbsp;&nbsp;&nbsp; <br />
                  </div>
    

        <a href="javascript:toggleElement('exception-4', 'block')" title="Click to expand/collapse"><b>java.lang.AssertionError: expected [Unauthorized] but found [OK]</b></a><br />
    <div class="stackTrace" id="exception-4">
              org.testng.Assert.fail(Assert.java:93)<br />
              org.testng.Assert.failNotEquals(Assert.java:512)<br />
              org.testng.Assert.assertEqualsImpl(Assert.java:134)<br />
              org.testng.Assert.assertEquals(Assert.java:115)<br />
              org.testng.Assert.assertEquals(Assert.java:189)<br />
              org.testng.Assert.assertEquals(Assert.java:199)<br />
              com.zuora.api.testsuites.ApiTest.getAccount_valid(ApiTest.java:36)<br />
              sun.reflect.NativeMethodAccessorImpl.invoke0(Native Method)<br />
              sun.reflect.NativeMethodAccessorImpl.invoke(NativeMethodAccessorImpl.java:62)<br />
              sun.reflect.DelegatingMethodAccessorImpl.invoke(DelegatingMethodAccessorImpl.java:43)<br />
              java.lang.reflect.Method.invoke(Method.java:498)<br />
              org.testng.internal.MethodInvocationHelper.invokeMethod(MethodInvocationHelper.java:108)<br />
              org.testng.internal.Invoker.invokeMethod(Invoker.java:661)<br />
              org.testng.internal.Invoker.invokeTestMethod(Invoker.java:869)<br />
              org.testng.internal.Invoker.invokeTestMethods(Invoker.java:1193)<br />
              org.testng.internal.TestMethodWorker.invokeTestMethods(TestMethodWorker.java:126)<br />
              org.testng.internal.TestMethodWorker.run(TestMethodWorker.java:109)<br />
              org.testng.TestRunner.privateRun(TestRunner.java:744)<br />
              org.testng.TestRunner.run(TestRunner.java:602)<br />
              org.testng.SuiteRunner.runTest(SuiteRunner.java:380)<br />
              org.testng.SuiteRunner.runSequentially(SuiteRunner.java:375)<br />
              org.testng.SuiteRunner.privateRun(SuiteRunner.java:340)<br />
              org.testng.SuiteRunner.run(SuiteRunner.java:289)<br />
              org.testng.SuiteRunnerWorker.runSuite(SuiteRunnerWorker.java:52)<br />
              org.testng.SuiteRunnerWorker.run(SuiteRunnerWorker.java:86)<br />
              org.testng.TestNG.runSuitesSequentially(TestNG.java:1301)<br />
              org.testng.TestNG.runSuitesLocally(TestNG.java:1226)<br />
              org.testng.TestNG.runSuites(TestNG.java:1144)<br />
              org.testng.TestNG.run(TestNG.java:1115)<br />
              org.testng.remote.AbstractRemoteTestNG.run(AbstractRemoteTestNG.java:132)<br />
              org.testng.remote.RemoteTestNG.initAndRun(RemoteTestNG.java:236)<br />
              org.testng.remote.RemoteTestNG.main(RemoteTestNG.java:81)<br />
                </div>
      </td>
</tr>
      </table>


  
</body>
</html>
